<?xml version="1.0" encoding="UTF-8"?>
<testng-results skipped="0" failed="0" ignored="0" total="2" passed="2">
  <reporter-output>
  </reporter-output>
  <suite name="testCases.LoginPageTest" duration-ms="29399" started-at="2021-02-15T02:27:56Z" finished-at="2021-02-15T02:28:26Z">
    <groups>
    </groups>
    <test name="Command line test" duration-ms="29399" started-at="2021-02-15T02:27:56Z" finished-at="2021-02-15T02:28:26Z">
      <class name="testCases.LoginPageTest">
        <test-method status="PASS" signature="setUp()[pri:0, instance:testCases.LoginPageTest@13969fbe]" name="setUp" is-config="true" duration-ms="5685" started-at="2021-02-15T02:27:56Z" finished-at="2021-02-15T02:28:02Z">
          <reporter-output>
          </reporter-output>
        </test-method> <!-- setUp -->
        <test-method status="PASS" signature="loginTest()[pri:1, instance:testCases.LoginPageTest@13969fbe]" name="loginTest" duration-ms="7138" started-at="2021-02-15T02:28:02Z" finished-at="2021-02-15T02:28:09Z">
          <reporter-output>
          </reporter-output>
        </test-method> <!-- loginTest -->
        <test-method status="PASS" signature="tearDown()[pri:0, instance:testCases.LoginPageTest@13969fbe]" name="tearDown" is-config="true" duration-ms="759" started-at="2021-02-15T02:28:09Z" finished-at="2021-02-15T02:28:10Z">
          <reporter-output>
          </reporter-output>
        </test-method> <!-- tearDown -->
        <test-method status="PASS" signature="setUp()[pri:0, instance:testCases.LoginPageTest@13969fbe]" name="setUp" is-config="true" duration-ms="5939" started-at="2021-02-15T02:28:10Z" finished-at="2021-02-15T02:28:16Z">
          <reporter-output>
          </reporter-output>
        </test-method> <!-- setUp -->
        <test-method status="PASS" signature="loginpageTitleTest()[pri:2, instance:testCases.LoginPageTest@13969fbe]" name="loginpageTitleTest" duration-ms="7977" started-at="2021-02-15T02:28:16Z" finished-at="2021-02-15T02:28:24Z">
          <reporter-output>
          </reporter-output>
        </test-method> <!-- loginpageTitleTest -->
        <test-method status="PASS" signature="tearDown()[pri:0, instance:testCases.LoginPageTest@13969fbe]" name="tearDown" is-config="true" duration-ms="1880" started-at="2021-02-15T02:28:24Z" finished-at="2021-02-15T02:28:26Z">
          <reporter-output>
          </reporter-output>
        </test-method> <!-- tearDown -->
      </class> <!-- testCases.LoginPageTest -->
    </test> <!-- Command line test -->
  </suite> <!-- testCases.LoginPageTest -->
</testng-results>
